<?xml version="1.0" encoding="utf-8"?><testsuites name="pytest tests"><testsuite name="pytest" errors="0" failures="0" skipped="0" tests="20" time="1.803" timestamp="2026-06-25T06:40:21.074880+00:00" hostname="agent-env-7f71325d-5395-45cd-bd23-f7138d087436"><testcase classname="backend.tests.backend_test" name="test_root" time="0.132" /><testcase classname="backend.tests.backend_test" name="test_filters_seventeen" time="0.041" /><testcase classname="backend.tests.backend_test" name="test_properties_all" time="0.048" /><testcase classname="backend.tests.backend_test" name="test_filter_reo_only" time="0.037" /><testcase classname="backend.tests.backend_test" name="test_filter_law_firm" time="0.036" /><testcase classname="backend.tests.backend_test" name="test_filter_out_of_state" time="0.038" /><testcase classname="backend.tests.backend_test" name="test_search_fort_worth" time="0.047" /><testcase classname="backend.tests.backend_test" name="test_property_detail_and_nearby" time="0.199" /><testcase classname="backend.tests.backend_test" name="test_property_not_found" time="0.077" /><testcase classname="backend.tests.backend_test" name="test_ai_analysis" time="0.118" /><testcase classname="backend.tests.backend_test" name="test_saved_flow" time="0.317" /><testcase classname="backend.tests.backend_test" name="test_saved_invalid_property" time="0.083" /><testcase classname="backend.tests.backend_test" name="test_classify[BlueStone Holdings LLC-LLC]" time="0.038" /><testcase classname="backend.tests.backend_test" name="test_classify[Thompson Knight Attorneys PLLC-Law Firm]" time="0.079" /><testcase classname="backend.tests.backend_test" name="test_classify[Wells Fargo Bank NA-Bank]" time="0.080" /><testcase classname="backend.tests.backend_test" name="test_classify[The Henderson Family Trust-Trust]" time="0.075" /><testcase classname="backend.tests.backend_test" name="test_classify[City of Fort Worth-Government]" time="0.080" /><testcase classname="backend.tests.backend_test" name="test_classify[Habitat for Humanity of North Texas-Nonprofit]" time="0.059" /><testcase classname="backend.tests.backend_test" name="test_classify[Republic Title of Texas Inc.-Corporation]" time="0.098" /><testcase classname="backend.tests.backend_test" name="test_classify[John Henderson-Individual]" time="0.037" /></testsuite></testsuites>